<?xml version="1.0" encoding="UTF-8"?>
<testng-results ignored="0" total="1" passed="1" failed="0" skipped="0">
  <reporter-output>
    <line>
      <![CDATA[hai venky hello ck]]>
    </line>
  </reporter-output>
  <suite started-at="2022-06-01T11:30:41Z" name="Default suite" finished-at="2022-06-01T11:30:41Z" duration-ms="25">
    <groups>
    </groups>
    <test started-at="2022-06-01T11:30:41Z" name="Default test" finished-at="2022-06-01T11:30:41Z" duration-ms="25">
      <class name="com.practiceTest.CkvenkyTest">
        <test-method signature="ckvenky()[pri:0, instance:com.practiceTest.CkvenkyTest@20435c40]" started-at="2022-06-01T11:30:41Z" name="ckvenky" finished-at="2022-06-01T11:30:41Z" duration-ms="8" status="PASS">
          <reporter-output>
            <line>
              <![CDATA[hai venky hello ck]]>
            </line>
          </reporter-output>
        </test-method> <!-- ckvenky -->
      </class> <!-- com.practiceTest.CkvenkyTest -->
    </test> <!-- Default test -->
  </suite> <!-- Default suite -->
</testng-results>
